#
# A fatal error has been detected by the Java Runtime Environment:
#
#  Internal Error (classFileParser.cpp:3470), pid=7592, tid=3576
#  Error: ShouldNotReachHere()
#
# JRE version: 7.0-b147
# Java VM: Java HotSpot(TM) Client VM (21.0-b17 mixed mode windows-x86 )
# Failed to write core dump. Minidumps are not enabled by default on client versions of Windows
#
# If you would like to submit a bug report, please visit:
#   http://bugreport.sun.com/bugreport/crash.jsp
#

---------------  T H R E A D  ---------------

Current thread (0x009e0400):  JavaThread "Unknown thread" [_thread_in_vm, id=3576, stack(0x00990000,0x009e0000)]

Stack: [0x00990000,0x009e0000],  sp=0x009df3b8,  free space=316k
Native frames: (J=compiled Java code, j=interpreted, Vv=VM code, C=native code)
V  [jvm.dll+0x1630e1]
V  [jvm.dll+0x15dcfb]
V  [jvm.dll+0x18e37]
V  [jvm.dll+0x1a6a8]
V  [jvm.dll+0x2a42f]
V  [jvm.dll+0x2b818]
V  [jvm.dll+0x2bedb]
V  [jvm.dll+0x2bf2a]
V  [jvm.dll+0x2c07d]
V  [jvm.dll+0x2c15a]
V  [jvm.dll+0x2c3d7]
V  [jvm.dll+0x73cb1]
V  [jvm.dll+0x7406b]
V  [jvm.dll+0x121a7c]
V  [jvm.dll+0x14382a]
V  [jvm.dll+0xa2940]
C  [javaw.exe+0x1359]
C  [javaw.exe+0x1dc9]
C  [javaw.exe+0xa0cb]
C  [javaw.exe+0xa155]
C  [KERNEL32.DLL+0x2850d]  BaseThreadInitThunk+0xe
C  [ntdll.dll+0x5bf39]  RtlInitializeExceptionChain+0x85
C  [ntdll.dll+0x5bf0c]  RtlInitializeExceptionChain+0x58


---------------  P R O C E S S  ---------------

Java Threads: ( => current thread )

Other Threads:

=>0x009e0400 (exited) JavaThread "Unknown thread" [_thread_in_vm, id=3576, stack(0x00990000,0x009e0000)]

VM state:not at safepoint (not fully initialized)

VM Mutex/Monitor currently owned by a thread: None

Dynamic libraries:
0x01210000 - 0x0123f000 	C:\Program Files (x86)\Java\jdk1.7.0\bin\javaw.exe
0x77110000 - 0x77267000 	C:\windows\SYSTEM32\ntdll.dll
0x74810000 - 0x74940000 	C:\windows\SYSTEM32\KERNEL32.DLL
0x74cd0000 - 0x74d76000 	C:\windows\SYSTEM32\KERNELBASE.dll
0x73510000 - 0x735b7000 	C:\windows\system32\apphelp.dll
0x6f000000 - 0x6f270000 	C:\windows\AppPatch\AcLayers.DLL
0x75c40000 - 0x75cf1000 	C:\windows\SYSTEM32\msvcrt.dll
0x75340000 - 0x75456000 	C:\windows\SYSTEM32\USER32.dll
0x74990000 - 0x74a8d000 	C:\windows\SYSTEM32\GDI32.dll
0x75d00000 - 0x76dc6000 	C:\windows\SYSTEM32\SHELL32.dll
0x74c60000 - 0x74ca0000 	C:\windows\SYSTEM32\SHLWAPI.dll
0x74780000 - 0x7480b000 	C:\windows\SYSTEM32\OLEAUT32.dll
0x6e130000 - 0x6e143000 	C:\windows\SYSTEM32\MPR.dll
0x75720000 - 0x758cf000 	C:\windows\SYSTEM32\SETUPAPI.dll
0x72c30000 - 0x72c33000 	C:\windows\SYSTEM32\sfc.dll
0x72fd0000 - 0x73030000 	C:\windows\SYSTEM32\WINSPOOL.DRV
0x76fa0000 - 0x7704c000 	C:\windows\SYSTEM32\RPCRT4.dll
0x74d80000 - 0x74eb6000 	C:\windows\SYSTEM32\combase.dll
0x74940000 - 0x74986000 	C:\windows\SYSTEM32\CFGMGR32.dll
0x75140000 - 0x7515e000 	C:\windows\SYSTEM32\DEVOBJ.dll
0x74700000 - 0x7471c000 	C:\windows\SYSTEM32\SspiCli.dll
0x72c00000 - 0x72c0e000 	C:\windows\SYSTEM32\sfc_os.DLL
0x746f0000 - 0x746f9000 	C:\windows\SYSTEM32\CRYPTBASE.dll
0x74740000 - 0x74774000 	C:\windows\SYSTEM32\sechost.dll
0x74690000 - 0x746e1000 	C:\windows\SYSTEM32\bcryptPrimitives.dll
0x72b60000 - 0x72b6e000 	C:\windows\SYSTEM32\SortServer2003Compat.dll
0x74ec0000 - 0x74ee0000 	C:\windows\system32\IMM32.DLL
0x75b60000 - 0x75c3d000 	C:\windows\SYSTEM32\MSCTF.dll
0x75460000 - 0x7550e000 	C:\windows\SYSTEM32\ADVAPI32.dll
0x740d0000 - 0x742c8000 	C:\windows\WinSxS\x86_microsoft.windows.common-controls_6595b64144ccf1df_6.0.9200.16579_none_8937eec6860750f5\COMCTL32.dll
0x6ab20000 - 0x6abde000 	C:\Program Files (x86)\Java\jdk1.7.0\jre\bin\msvcr100.dll
0x6abe0000 - 0x6af01000 	C:\Program Files (x86)\Java\jdk1.7.0\jre\bin\client\jvm.dll
0x6ef30000 - 0x6ef38000 	C:\windows\SYSTEM32\WSOCK32.dll
0x742d0000 - 0x742f1000 	C:\windows\SYSTEM32\WINMM.dll
0x76f90000 - 0x76f96000 	C:\windows\SYSTEM32\PSAPI.DLL
0x756d0000 - 0x75720000 	C:\windows\SYSTEM32\WS2_32.dll
0x74000000 - 0x7402a000 	C:\windows\SYSTEM32\WINMMBASE.dll
0x75ad0000 - 0x75ad8000 	C:\windows\SYSTEM32\NSI.dll
0x70dd0000 - 0x70ddc000 	C:\Program Files (x86)\Java\jdk1.7.0\jre\bin\verify.dll
0x70300000 - 0x70320000 	C:\Program Files (x86)\Java\jdk1.7.0\jre\bin\java.dll
0x70270000 - 0x70283000 	C:\Program Files (x86)\Java\jdk1.7.0\jre\bin\zip.dll

VM Arguments:
jvm_args: -Dfile.encoding=UTF-8 -Xbootclasspath:E:\softinstalled\sdk\platforms\android-18\android.jar 
java_command: cn.com.incito.classroom.utils.Utils
Launcher Type: SUN_STANDARD

Environment Variables:
JAVA_HOME=C:\Program Files (x86)\Java\jdk1.7.0
CLASSPATH=.;C:\Program Files (x86)\Java\jdk1.7.0\lib\dt.jar;C:\Program Files (x86)\Java\jdk1.7.0\lib\tools.jar
PATH=C:/Program Files (x86)/Java/jdk1.7.0/bin/../jre/bin/client;C:/Program Files (x86)/Java/jdk1.7.0/bin/../jre/bin;C:/Program Files (x86)/Java/jdk1.7.0/bin/../jre/lib/i386;C:\Program Files (x86)\Java\jdk1.7.0\bin;C:\Program Files (x86)\Intel\iCLS Client\;C:\Program Files\Intel\iCLS Client\;C:\windows\system32;C:\windows;C:\windows\System32\Wbem;C:\windows\System32\WindowsPowerShell\v1.0\;C:\Program Files\Intel\Intel(R) Management Engine Components\DAL;C:\Program Files\Intel\Intel(R) Management Engine Components\IPT;C:\Program Files (x86)\Intel\Intel(R) Management Engine Components\DAL;C:\Program Files (x86)\Intel\Intel(R) Management Engine Components\IPT;C:\Program Files (x86)\Intel\OpenCL SDK\3.0\bin\x86;C:\Program Files (x86)\Intel\OpenCL SDK\3.0\bin\x64;C:\Program Files\Lenovo\Fingerprint Manager Pro\;C:\ProgramData\Lenovo\ReadyApps;E:\softinstalled\svn\bin;E:\softinstalled\eclipse;
USERNAME=JOHN
OS=Windows_NT
PROCESSOR_IDENTIFIER=Intel64 Family 6 Model 60 Stepping 3, GenuineIntel



---------------  S Y S T E M  ---------------

OS: Windows XP Build 2600 Service Pack 3

CPU:total 4 (2 cores per cpu, 2 threads per core) family 6 model 60 stepping 3, cmov, cx8, fxsr, mmx, sse, sse2, sse3, ssse3, sse4.1, sse4.2, popcnt, ht

Memory: 4k page, physical 8265904k(3277480k free), swap 14557360k(8030948k free)

vm_info: Java HotSpot(TM) Client VM (21.0-b17) for windows-x86 JRE (1.7.0-b147), built on Jun 27 2011 02:25:52 by "java_re" with unknown MS VC++:1600

time: Mon Aug 18 11:43:55 2014
elapsed time: 0 seconds

